Train Mode is Enabled
NEW training is started
No NaNs in numerical features, skipping
No NaNs in numerical features, skipping
maine_pums_2020 does not have its validation set. During MLE evaluation, a validation set will be splitted from the training set!
The number of parameters =  369327006
The config of the current run is : 
 {
    "data": {
        "dequant_dist": "none",
        "int_dequant_factor": 0
    },
    "unimodmlp_params": {
        "num_layers": 8,
        "d_token": 256,
        "n_head": 8,
        "factor": 48,
        "bias": true,
        "dim_t": 2048,
        "use_mlp": true,
        "d_numerical": 47,
        "categories": [
            2,
            2,
            2,
            4,
            2,
            6,
            6,
            11,
            4,
            3,
            3,
            4,
            4,
            8,
            4,
            4,
            6,
            4,
            7,
            4,
            3,
            3,
            3,
            3,
            3,
            3,
            3,
            14,
            4,
            6,
            4,
            4,
            5,
            4,
            5,
            6,
            4,
            4,
            4,
            4,
            4,
            4,
            5,
            6,
            5,
            5,
            5,
            20,
            5,
            18,
            26,
            3,
            5,
            4,
            5,
            145,
            112,
            10,
            3,
            8,
            10,
            7,
            3,
            21,
            243,
            263,
            146,
            55,
            88,
            56,
            8,
            243,
            3,
            10,
            4,
            478,
            6,
            147,
            34,
            27,
            3,
            3,
            5,
            9,
            27,
            42,
            3,
            3,
            3,
            3,
            5,
            3,
            3,
            3,
            4,
            4,
            4,
            3,
            8,
            478,
            15,
            9,
            6,
            12,
            4,
            5,
            5,
            8,
            4,
            10,
            12,
            4,
            4,
            4,
            11,
            4,
            3,
            4,
            4,
            4,
            5,
            4,
            4,
            18,
            4,
            4,
            3,
            4,
            4,
            4,
            4,
            4,
            4,
            6,
            9,
            6,
            96,
            7,
            9,
            14,
            4,
            6,
            6,
            6,
            4,
            4,
            4,
            9,
            10,
            4,
            4,
            7,
            4,
            3,
            4,
            5,
            5,
            5,
            6,
            4,
            4,
            17,
            17
        ]
    },
    "diffusion_params": {
        "num_timesteps": 20,
        "scheduler": "power_mean_per_column",
        "cat_scheduler": "log_linear_per_column",
        "noise_dist": "uniform_t",
        "sampler_params": {
            "stochastic_sampler": true,
            "second_order_correction": true
        },
        "edm_params": {
            "precond": true,
            "sigma_data": 1.0,
            "net_conditioning": "sigma"
        },
        "noise_dist_params": {
            "P_mean": -1.2,
            "P_std": 1.2
        },
        "noise_schedule_params": {
            "sigma_min": 0.002,
            "sigma_max": 80,
            "rho": 7,
            "eps_max": 0.001,
            "eps_min": 1e-05,
            "rho_init": 7.0,
            "rho_offset": 5.0,
            "k_init": -6.0,
            "k_offset": 1.0
        }
    },
    "train": {
        "main": {
            "steps": 2000,
            "lr": 0.0005,
            "weight_decay": 0.01,
            "ema_decay": 0.9995,
            "batch_size": 8192,
            "check_val_every": 500,
            "lr_scheduler": "reduce_lr_on_plateau",
            "factor": 0.9,
            "reduce_lr_patience": 50,
            "closs_weight_schedule": "anneal",
            "c_lambda": 1.0,
            "d_lambda": 1.0,
            "use_amp": true
        }
    },
    "sample": {
        "batch_size": 10000
    },
    "model_save_path": "/mnt/d/projects/data/TabDiff/tabdiff/ckpt/maine_pums_2020/improved_3pumas_2k",
    "result_save_path": "/mnt/d/projects/data/TabDiff/tabdiff/result/maine_pums_2020/improved_3pumas_2k",
    "deterministic": false
}
==============Starting Trainin Loop, total number of epoch = 2000==============
  0%|          | 0/2 [00:00<?, ?it/s]Epoch 1/2000:   0%|          | 0/2 [00:00<?, ?it/s]